Calculating task graph as no cached configuration is available for tasks: :composeApp:compileDebugKotlinAndroid
Type-safe project accessors is an incubating feature.

> Configure project :composeApp
w: [33m[1mâš ï¸ The 'org.jetbrains.kotlin.multiplatform' plugin deprecated compatibility with Android Gradle plugin: 'com.android.application'[0m[0m
The 'org.jetbrains.kotlin.multiplatform' plugin will not be compatible with 'com.android.application' starting with Android Gradle Plugin 9.0.0.

Please change the structure of the your project and move the usage of 'com.android.application' into a separate subproject. The new subproject should add a dependency on this KMP subproject.

Read more: https://kotl.in/kmp-project-structure-migration
[32m[1mSolution:[0m[0m
[32m[3mPlease change the structure of your project and move the usage of 'com.android.application' into a separate subproject.[0m[0m
[36mSee [0m[34mhttps://kotl.in/gradle/agp-new-kmp[0m[36m for more details.[0m


> Task :composeApp:preBuild UP-TO-DATE
> Task :composeApp:copyNonXmlValueResourcesForAndroidDebug NO-SOURCE
> Task :composeApp:preDebugBuild UP-TO-DATE
> Task :composeApp:convertXmlValueResourcesForAndroidMain NO-SOURCE
> Task :composeApp:kmpPartiallyResolvedDependenciesChecker
> Task :composeApp:generateComposeResClass UP-TO-DATE
> Task :composeApp:generateExpectResourceCollectorsForCommonMain UP-TO-DATE
> Task :composeApp:processDebugGoogleServices UP-TO-DATE
> Task :composeApp:convertXmlValueResourcesForCommonMain NO-SOURCE
> Task :composeApp:copyNonXmlValueResourcesForAndroidMain NO-SOURCE
> Task :composeApp:convertXmlValueResourcesForAndroidDebug NO-SOURCE
> Task :composeApp:checkKotlinGradlePluginConfigurationErrors SKIPPED
> Task :composeApp:createDebugCompatibleScreenManifests UP-TO-DATE
> Task :composeApp:prepareComposeResourcesTaskForAndroidMain NO-SOURCE
> Task :composeApp:generateDebugResValues UP-TO-DATE
> Task :composeApp:copyNonXmlValueResourcesForCommonMain UP-TO-DATE
> Task :composeApp:prepareComposeResourcesTaskForAndroidDebug NO-SOURCE
> Task :composeApp:generateResourceAccessorsForAndroidMain NO-SOURCE
> Task :composeApp:generateDebugResources UP-TO-DATE
> Task :composeApp:generateResourceAccessorsForAndroidDebug NO-SOURCE
> Task :composeApp:extractDeepLinksDebug UP-TO-DATE
> Task :composeApp:prepareComposeResourcesTaskForCommonMain UP-TO-DATE
> Task :composeApp:packageDebugResources UP-TO-DATE
> Task :composeApp:generateResourceAccessorsForCommonMain UP-TO-DATE
> Task :composeApp:generateActualResourceCollectorsForAndroidMain UP-TO-DATE
> Task :composeApp:parseDebugLocalResources UP-TO-DATE
> Task :composeApp:mapDebugSourceSetPaths UP-TO-DATE
> Task :composeApp:mergeDebugResources UP-TO-DATE
> Task :composeApp:checkDebugAarMetadata UP-TO-DATE
> Task :composeApp:processDebugMainManifest UP-TO-DATE
> Task :composeApp:processDebugManifest UP-TO-DATE
> Task :composeApp:processDebugManifestForPackage UP-TO-DATE
> Task :composeApp:processDebugResources UP-TO-DATE

> Task :composeApp:compileDebugKotlinAndroid FAILED
e: file:///Users/kerenlint/MyProjects/AndroidStudioProjects/VirtualMoney/composeApp/src/commonMain/kotlin/com/keren/virtualmoney/ui/ARCoinOverlay.kt:22:15 Unresolved reference 'CoinSkin'.
e: file:///Users/kerenlint/MyProjects/AndroidStudioProjects/VirtualMoney/composeApp/src/commonMain/kotlin/com/keren/virtualmoney/ui/ARGameScreen.kt:37:15 Unresolved reference 'CoinSkin'.
e: file:///Users/kerenlint/MyProjects/AndroidStudioProjects/VirtualMoney/composeApp/src/commonMain/kotlin/com/keren/virtualmoney/ui/ARGameScreen.kt:37:26 Unresolved reference 'CoinSkin'.
e: file:///Users/kerenlint/MyProjects/AndroidStudioProjects/VirtualMoney/composeApp/src/commonMain/kotlin/com/keren/virtualmoney/ui/GameScreen.kt:173:67 No value passed for parameter 'skin'.
e: file:///Users/kerenlint/MyProjects/AndroidStudioProjects/VirtualMoney/composeApp/src/commonMain/kotlin/com/keren/virtualmoney/ui/screens/GameplayScreen.kt:207:15 Unresolved reference 'CoinSkin'.
e: file:///Users/kerenlint/MyProjects/AndroidStudioProjects/VirtualMoney/composeApp/src/commonMain/kotlin/com/keren/virtualmoney/ui/screens/GameplayScreen.kt:232:15 Unresolved reference 'CoinSkin'.

[Incubating] Problems report is available at: file:///Users/kerenlint/MyProjects/AndroidStudioProjects/VirtualMoney/build/reports/problems/problems-report.html

FAILURE: Build failed with an exception.

* What went wrong:
Execution failed for task ':composeApp:compileDebugKotlinAndroid'.
> A failure occurred while executing org.jetbrains.kotlin.compilerRunner.GradleCompilerRunnerWithWorkers$GradleKotlinCompilerWorkAction
   > Compilation error. See log for more details

* Try:
> Run with --stacktrace option to get the stack trace.
> Run with --info or --debug option to get more log output.
> Run with --scan to get full insights.
> Get more help at https://help.gradle.org.

BUILD FAILED in 1s
22 actionable tasks: 2 executed, 20 up-to-date
Configuration cache entry stored.
